Mon, 04 May 2015 18:47:03 controller.py[line:721] INFO Controller starts
Mon, 04 May 2015 18:47:03 controller.py[line:333] INFO Confirming alive scanners
Mon, 04 May 2015 18:47:06 controller.py[line:369] INFO Scanners (1, 2, 3) have stopped
Mon, 04 May 2015 18:47:06 controller.py[line:377] INFO Confirming alive scanners finished
Mon, 04 May 2015 18:48:13 controller.py[line:553] INFO Scanners (1) is assigned jobs (59)
Mon, 04 May 2015 18:49:22 controller.py[line:553] INFO Scanners (2) is assigned jobs (60)
Mon, 04 May 2015 18:49:22 controller.py[line:553] INFO Scanners (3) is assigned jobs (61)
Mon, 04 May 2015 18:49:24 controller.py[line:256] INFO Save report for job 61
Mon, 04 May 2015 18:49:24 controller.py[line:256] INFO Save report for job 60
Mon, 04 May 2015 18:50:42 controller.py[line:553] INFO Scanners (2) is assigned jobs (62)
Mon, 04 May 2015 18:50:42 controller.py[line:553] INFO Scanners (3) is assigned jobs (63)
Mon, 04 May 2015 18:50:43 controller.py[line:256] INFO Save report for job 63
Mon, 04 May 2015 18:50:52 controller.py[line:256] INFO Save report for job 62
Mon, 04 May 2015 18:51:38 controller.py[line:256] INFO Save report for job 59
Mon, 04 May 2015 18:52:13 controller.py[line:256] INFO Save report for job 65
Mon, 04 May 2015 18:52:14 controller.py[line:256] INFO Save report for job 66
Mon, 04 May 2015 18:52:15 controller.py[line:553] INFO Scanners (1) is assigned jobs (64)
Mon, 04 May 2015 18:52:15 controller.py[line:553] INFO Scanners (2) is assigned jobs (65)
Mon, 04 May 2015 18:52:15 controller.py[line:553] INFO Scanners (3) is assigned jobs (66)
Mon, 04 May 2015 18:52:20 controller.py[line:256] INFO Save report for job 64
Mon, 04 May 2015 18:54:23 controller.py[line:553] INFO Scanners (2) is assigned jobs (67)
Mon, 04 May 2015 18:54:24 controller.py[line:256] INFO Save report for job 67
Mon, 04 May 2015 18:55:46 controller.py[line:553] INFO Scanners (1) is assigned jobs (68)
Mon, 04 May 2015 18:55:46 controller.py[line:553] INFO Scanners (2) is assigned jobs (69)
Mon, 04 May 2015 18:55:46 controller.py[line:553] INFO Scanners (3) is assigned jobs (70)
Mon, 04 May 2015 18:55:51 controller.py[line:256] INFO Save report for job 69
Mon, 04 May 2015 18:55:52 controller.py[line:256] INFO Save report for job 70
Mon, 04 May 2015 18:55:56 controller.py[line:256] INFO Save report for job 68
Tue, 05 May 2015 21:02:30 fore.py[line:175] ERROR Complete not accepted! (Event(kind=<Kind.COMPLETE_ACCEPTED: <object object at 0x7f0e490f90f0>>, tag=<_grpc.Call object at 0x7f0e491aafd8>, write_accepted=None, complete_accepted=False, service_acceptance=None, bytes=None, status=None),)
Tue, 05 May 2015 21:08:42 controller.py[line:118] INFO Scanners (1, 3) have stopped
Tue, 05 May 2015 21:08:49 controller.py[line:118] INFO Scanners (2) have stopped
Tue, 05 May 2015 21:08:50 controller.py[line:745] INFO Stopping controller gRPC service
Tue, 05 May 2015 21:08:50 controller.py[line:747] INFO Controller exits
