Mon, 04 May 2015 11:06:28 scanner.py[line:318] INFO Scanner starts
Mon, 04 May 2015 11:06:28 scanner.py[line:274] INFO Register success
Mon, 04 May 2015 11:10:19 scanner.py[line:65] INFO Heartbeat: connection refused ()
Mon, 04 May 2015 11:10:20 scanner.py[line:65] INFO Heartbeat: connection refused ()
Mon, 04 May 2015 11:11:48 scanner.py[line:82] INFO Start job 12
Mon, 04 May 2015 11:12:13 scanner.py[line:100] INFO Finish job 12
Mon, 04 May 2015 11:12:13 scanner.py[line:152] INFO Send report for job 12
Mon, 04 May 2015 11:35:05 scanner.py[line:65] INFO Heartbeat: connection refused ()
Mon, 04 May 2015 11:47:04 scanner.py[line:65] INFO Heartbeat: connection refused ()
Mon, 04 May 2015 11:47:05 scanner.py[line:65] INFO Heartbeat: connection refused ()
Mon, 04 May 2015 11:53:07 scanner.py[line:65] INFO Heartbeat: connection refused ()
Mon, 04 May 2015 11:53:08 scanner.py[line:65] INFO Heartbeat: connection refused ()
Mon, 04 May 2015 11:53:09 scanner.py[line:65] INFO Heartbeat: connection refused ()
Mon, 04 May 2015 11:53:10 scanner.py[line:65] INFO Heartbeat: connection refused ()
Mon, 04 May 2015 11:53:11 scanner.py[line:65] INFO Heartbeat: connection refused ()
Mon, 04 May 2015 11:53:12 scanner.py[line:65] INFO Heartbeat: connection refused ()
Mon, 04 May 2015 11:53:13 scanner.py[line:65] INFO Heartbeat: connection refused ()
Mon, 04 May 2015 11:53:14 scanner.py[line:65] INFO Heartbeat: connection refused ()
Mon, 04 May 2015 11:53:15 scanner.py[line:65] INFO Heartbeat: connection refused ()
Mon, 04 May 2015 11:53:16 scanner.py[line:65] INFO Heartbeat: connection refused ()
Mon, 04 May 2015 11:53:17 scanner.py[line:65] INFO Heartbeat: connection refused ()
Mon, 04 May 2015 11:53:18 scanner.py[line:65] INFO Heartbeat: connection refused ()
Mon, 04 May 2015 11:56:10 scanner.py[line:65] INFO Heartbeat: connection refused ()
Mon, 04 May 2015 11:56:11 scanner.py[line:65] INFO Heartbeat: connection refused ()
Mon, 04 May 2015 12:02:49 scanner.py[line:65] INFO Heartbeat: connection refused ()
Mon, 04 May 2015 12:02:50 scanner.py[line:65] INFO Heartbeat: connection refused ()
Mon, 04 May 2015 12:04:39 scanner.py[line:65] INFO Heartbeat: connection refused ()
Mon, 04 May 2015 12:04:40 scanner.py[line:65] INFO Heartbeat: connection refused ()
Mon, 04 May 2015 12:04:41 scanner.py[line:65] INFO Heartbeat: connection refused ()
Mon, 04 May 2015 12:04:42 scanner.py[line:65] INFO Heartbeat: connection refused ()
Mon, 04 May 2015 12:04:43 scanner.py[line:65] INFO Heartbeat: connection refused ()
Mon, 04 May 2015 12:04:44 scanner.py[line:65] INFO Heartbeat: connection refused ()
Mon, 04 May 2015 12:04:45 scanner.py[line:65] INFO Heartbeat: connection refused ()
Mon, 04 May 2015 12:04:46 scanner.py[line:65] INFO Heartbeat: connection refused ()
Mon, 04 May 2015 12:04:47 scanner.py[line:65] INFO Heartbeat: connection refused ()
Mon, 04 May 2015 12:04:48 scanner.py[line:65] INFO Heartbeat: connection refused ()
Mon, 04 May 2015 12:04:49 scanner.py[line:65] INFO Heartbeat: connection refused ()
Mon, 04 May 2015 12:04:50 scanner.py[line:65] INFO Heartbeat: connection refused ()
Mon, 04 May 2015 12:04:51 scanner.py[line:65] INFO Heartbeat: connection refused ()
Mon, 04 May 2015 12:05:54 scanner.py[line:65] INFO Heartbeat: connection refused ()
Mon, 04 May 2015 12:05:55 scanner.py[line:65] INFO Heartbeat: connection refused ()
Mon, 04 May 2015 12:12:49 scanner.py[line:65] INFO Heartbeat: connection refused ()
Mon, 04 May 2015 12:12:50 scanner.py[line:65] INFO Heartbeat: connection refused ()
Mon, 04 May 2015 12:22:07 scanner.py[line:65] INFO Heartbeat: connection refused ()
Mon, 04 May 2015 12:22:08 scanner.py[line:65] INFO Heartbeat: connection refused ()
Mon, 04 May 2015 12:23:08 scanner.py[line:65] INFO Heartbeat: connection refused ()
Mon, 04 May 2015 12:31:30 scanner.py[line:65] INFO Heartbeat: connection refused ()
Mon, 04 May 2015 12:31:31 scanner.py[line:65] INFO Heartbeat: connection refused ()
Mon, 04 May 2015 12:34:23 scanner.py[line:65] INFO Heartbeat: connection refused ()
Mon, 04 May 2015 12:40:21 scanner.py[line:65] INFO Heartbeat: connection refused ()
Mon, 04 May 2015 12:40:22 scanner.py[line:65] INFO Heartbeat: connection refused ()
Mon, 04 May 2015 12:49:54 scanner.py[line:65] INFO Heartbeat: connection refused ()
Mon, 04 May 2015 12:57:28 scanner.py[line:65] INFO Heartbeat: connection refused ()
Mon, 04 May 2015 12:58:40 scanner.py[line:65] INFO Heartbeat: connection refused ()
Mon, 04 May 2015 13:05:25 scanner.py[line:65] INFO Heartbeat: connection refused ()
Mon, 04 May 2015 13:05:26 scanner.py[line:65] INFO Heartbeat: connection refused ()
Mon, 04 May 2015 13:05:27 scanner.py[line:65] INFO Heartbeat: connection refused ()
Mon, 04 May 2015 13:05:28 scanner.py[line:65] INFO Heartbeat: connection refused ()
Mon, 04 May 2015 13:05:29 scanner.py[line:65] INFO Heartbeat: connection refused ()
Mon, 04 May 2015 13:05:30 scanner.py[line:65] INFO Heartbeat: connection refused ()
Mon, 04 May 2015 13:05:31 scanner.py[line:65] INFO Heartbeat: connection refused ()
Mon, 04 May 2015 13:05:32 scanner.py[line:65] INFO Heartbeat: connection refused ()
Mon, 04 May 2015 13:05:33 scanner.py[line:65] INFO Heartbeat: connection refused ()
Mon, 04 May 2015 13:05:34 scanner.py[line:65] INFO Heartbeat: connection refused ()
Mon, 04 May 2015 13:05:35 scanner.py[line:65] INFO Heartbeat: connection refused ()
Mon, 04 May 2015 13:05:36 scanner.py[line:65] INFO Heartbeat: connection refused ()
Mon, 04 May 2015 13:05:37 scanner.py[line:65] INFO Heartbeat: connection refused ()
Mon, 04 May 2015 13:08:11 scanner.py[line:65] INFO Heartbeat: connection refused ()
Mon, 04 May 2015 13:08:12 scanner.py[line:65] INFO Heartbeat: connection refused ()
Mon, 04 May 2015 13:08:13 scanner.py[line:65] INFO Heartbeat: connection refused ()
Mon, 04 May 2015 13:08:14 scanner.py[line:65] INFO Heartbeat: connection refused ()
Mon, 04 May 2015 13:08:15 scanner.py[line:65] INFO Heartbeat: connection refused ()
Mon, 04 May 2015 13:08:16 scanner.py[line:65] INFO Heartbeat: connection refused ()
Mon, 04 May 2015 13:08:17 scanner.py[line:65] INFO Heartbeat: connection refused ()
Mon, 04 May 2015 13:08:18 scanner.py[line:65] INFO Heartbeat: connection refused ()
Mon, 04 May 2015 13:08:19 scanner.py[line:65] INFO Heartbeat: connection refused ()
Mon, 04 May 2015 13:08:20 scanner.py[line:65] INFO Heartbeat: connection refused ()
Mon, 04 May 2015 13:08:21 scanner.py[line:65] INFO Heartbeat: connection refused ()
Mon, 04 May 2015 13:08:22 scanner.py[line:65] INFO Heartbeat: connection refused ()
Mon, 04 May 2015 13:08:28 scanner.py[line:65] INFO Heartbeat: connection refused ()
Mon, 04 May 2015 13:17:33 scanner.py[line:65] INFO Heartbeat: connection refused ()
Mon, 04 May 2015 13:17:34 scanner.py[line:65] INFO Heartbeat: connection refused ()
Mon, 04 May 2015 13:17:35 scanner.py[line:65] INFO Heartbeat: connection refused ()
Mon, 04 May 2015 13:17:36 scanner.py[line:65] INFO Heartbeat: connection refused ()
Mon, 04 May 2015 13:17:37 scanner.py[line:65] INFO Heartbeat: connection refused ()
Mon, 04 May 2015 13:17:38 scanner.py[line:65] INFO Heartbeat: connection refused ()
Mon, 04 May 2015 13:17:39 scanner.py[line:65] INFO Heartbeat: connection refused ()
Mon, 04 May 2015 13:17:40 scanner.py[line:65] INFO Heartbeat: connection refused ()
Mon, 04 May 2015 13:17:41 scanner.py[line:65] INFO Heartbeat: connection refused ()
Mon, 04 May 2015 13:17:42 scanner.py[line:65] INFO Heartbeat: connection refused ()
Mon, 04 May 2015 13:17:43 scanner.py[line:65] INFO Heartbeat: connection refused ()
Mon, 04 May 2015 13:17:44 scanner.py[line:65] INFO Heartbeat: connection refused ()
Mon, 04 May 2015 13:17:45 scanner.py[line:65] INFO Heartbeat: connection refused ()
Mon, 04 May 2015 13:27:22 scanner.py[line:65] INFO Heartbeat: connection refused ()
Mon, 04 May 2015 13:27:23 scanner.py[line:65] INFO Heartbeat: connection refused ()
Mon, 04 May 2015 13:31:59 scanner.py[line:65] INFO Heartbeat: connection refused ()
Mon, 04 May 2015 13:32:00 scanner.py[line:65] INFO Heartbeat: connection refused ()
Mon, 04 May 2015 13:33:39 scanner.py[line:65] INFO Heartbeat: connection refused ()
Mon, 04 May 2015 13:33:40 scanner.py[line:65] INFO Heartbeat: connection refused ()
Mon, 04 May 2015 13:36:42 scanner.py[line:65] INFO Heartbeat: connection refused ()
Mon, 04 May 2015 13:36:43 scanner.py[line:65] INFO Heartbeat: connection refused ()
Mon, 04 May 2015 13:37:09 scanner.py[line:65] INFO Heartbeat: connection refused ()
Mon, 04 May 2015 13:37:10 scanner.py[line:65] INFO Heartbeat: connection refused ()
Mon, 04 May 2015 13:45:32 scanner.py[line:65] INFO Heartbeat: connection refused ()
Mon, 04 May 2015 13:45:33 scanner.py[line:65] INFO Heartbeat: connection refused ()
Mon, 04 May 2015 13:50:39 scanner.py[line:65] INFO Heartbeat: connection refused ()
Mon, 04 May 2015 13:55:09 scanner.py[line:65] INFO Heartbeat: connection refused ()
Mon, 04 May 2015 13:55:10 scanner.py[line:65] INFO Heartbeat: connection refused ()
Mon, 04 May 2015 13:59:36 scanner.py[line:65] INFO Heartbeat: connection refused ()
Mon, 04 May 2015 14:04:32 scanner.py[line:65] INFO Heartbeat: connection refused ()
Mon, 04 May 2015 14:13:51 scanner.py[line:65] INFO Heartbeat: connection refused ()
Mon, 04 May 2015 14:18:14 scanner.py[line:65] INFO Heartbeat: connection refused ()
Mon, 04 May 2015 14:23:47 scanner.py[line:65] INFO Heartbeat: connection refused ()
Mon, 04 May 2015 14:32:16 scanner.py[line:65] INFO Heartbeat: connection refused ()
Mon, 04 May 2015 14:32:17 scanner.py[line:65] INFO Heartbeat: connection refused ()
Mon, 04 May 2015 14:32:18 scanner.py[line:65] INFO Heartbeat: connection refused ()
Mon, 04 May 2015 14:32:19 scanner.py[line:65] INFO Heartbeat: connection refused ()
Mon, 04 May 2015 14:32:20 scanner.py[line:65] INFO Heartbeat: connection refused ()
Mon, 04 May 2015 14:32:21 scanner.py[line:65] INFO Heartbeat: connection refused ()
Mon, 04 May 2015 14:32:22 scanner.py[line:65] INFO Heartbeat: connection refused ()
Mon, 04 May 2015 14:32:23 scanner.py[line:65] INFO Heartbeat: connection refused ()
Mon, 04 May 2015 14:32:24 scanner.py[line:65] INFO Heartbeat: connection refused ()
Mon, 04 May 2015 14:32:25 scanner.py[line:65] INFO Heartbeat: connection refused ()
Mon, 04 May 2015 14:32:26 scanner.py[line:65] INFO Heartbeat: connection refused ()
Mon, 04 May 2015 14:32:27 scanner.py[line:65] INFO Heartbeat: connection refused ()
Mon, 04 May 2015 14:32:28 scanner.py[line:65] INFO Heartbeat: connection refused ()
Mon, 04 May 2015 14:41:07 scanner.py[line:65] INFO Heartbeat: connection refused ()
Mon, 04 May 2015 14:41:08 scanner.py[line:65] INFO Heartbeat: connection refused ()
Mon, 04 May 2015 14:50:29 scanner.py[line:65] INFO Heartbeat: connection refused ()
Mon, 04 May 2015 14:50:30 scanner.py[line:65] INFO Heartbeat: connection refused ()
Mon, 04 May 2015 14:59:19 scanner.py[line:65] INFO Heartbeat: connection refused ()
Mon, 04 May 2015 14:59:20 scanner.py[line:65] INFO Heartbeat: connection refused ()
Mon, 04 May 2015 15:04:08 scanner.py[line:65] INFO Heartbeat: connection refused ()
Mon, 04 May 2015 15:04:09 scanner.py[line:65] INFO Heartbeat: connection refused ()
Mon, 04 May 2015 15:04:36 scanner.py[line:65] INFO Heartbeat: connection refused ()
Mon, 04 May 2015 15:06:55 scanner.py[line:65] INFO Heartbeat: connection refused ()
Mon, 04 May 2015 15:06:56 scanner.py[line:65] INFO Heartbeat: connection refused ()
Mon, 04 May 2015 15:06:57 scanner.py[line:65] INFO Heartbeat: connection refused ()
Mon, 04 May 2015 15:08:57 scanner.py[line:65] INFO Heartbeat: connection refused ()
Mon, 04 May 2015 15:17:59 scanner.py[line:65] INFO Heartbeat: connection refused ()
Mon, 04 May 2015 15:18:00 scanner.py[line:65] INFO Heartbeat: connection refused ()
Mon, 04 May 2015 15:19:38 scanner.py[line:65] INFO Heartbeat: connection refused ()
Mon, 04 May 2015 15:19:39 scanner.py[line:65] INFO Heartbeat: connection refused ()
Mon, 04 May 2015 15:22:01 scanner.py[line:65] INFO Heartbeat: connection refused ()
Mon, 04 May 2015 15:22:02 scanner.py[line:65] INFO Heartbeat: connection refused ()
Mon, 04 May 2015 15:27:31 scanner.py[line:65] INFO Heartbeat: connection refused ()
Mon, 04 May 2015 15:27:32 scanner.py[line:65] INFO Heartbeat: connection refused ()
Mon, 04 May 2015 15:36:46 scanner.py[line:65] INFO Heartbeat: connection refused ()
Mon, 04 May 2015 15:46:08 scanner.py[line:65] INFO Heartbeat: connection refused ()
Mon, 04 May 2015 15:46:09 scanner.py[line:65] INFO Heartbeat: connection refused ()
Mon, 04 May 2015 15:46:10 scanner.py[line:65] INFO Heartbeat: connection refused ()
Mon, 04 May 2015 15:46:11 scanner.py[line:65] INFO Heartbeat: connection refused ()
Mon, 04 May 2015 15:46:12 scanner.py[line:65] INFO Heartbeat: connection refused ()
Mon, 04 May 2015 15:46:13 scanner.py[line:65] INFO Heartbeat: connection refused ()
Mon, 04 May 2015 15:46:14 scanner.py[line:65] INFO Heartbeat: connection refused ()
Mon, 04 May 2015 15:46:15 scanner.py[line:65] INFO Heartbeat: connection refused ()
Mon, 04 May 2015 15:46:16 scanner.py[line:65] INFO Heartbeat: connection refused ()
Mon, 04 May 2015 15:46:17 scanner.py[line:65] INFO Heartbeat: connection refused ()
Mon, 04 May 2015 15:46:18 scanner.py[line:65] INFO Heartbeat: connection refused ()
Mon, 04 May 2015 15:46:19 scanner.py[line:65] INFO Heartbeat: connection refused ()
Mon, 04 May 2015 15:46:20 scanner.py[line:65] INFO Heartbeat: connection refused ()
Mon, 04 May 2015 15:46:59 scanner.py[line:65] INFO Heartbeat: connection refused ()
Mon, 04 May 2015 15:47:00 scanner.py[line:65] INFO Heartbeat: connection refused ()
Mon, 04 May 2015 15:52:33 scanner.py[line:65] INFO Heartbeat: connection refused ()
Mon, 04 May 2015 15:52:34 scanner.py[line:65] INFO Heartbeat: connection refused ()
Mon, 04 May 2015 15:56:00 scanner.py[line:341] INFO Stopping scanner gRPC service
Mon, 04 May 2015 15:56:00 scanner.py[line:343] INFO Scanner exits
