Mon, 04 May 2015 11:01:31 scanner.py[line:318] INFO Scanner starts
Mon, 04 May 2015 11:01:31 scanner.py[line:274] INFO Register success
Mon, 04 May 2015 11:01:32 scanner.py[line:61] INFO Heartbeat
Mon, 04 May 2015 11:01:33 scanner.py[line:61] INFO Heartbeat
Mon, 04 May 2015 11:01:34 scanner.py[line:61] INFO Heartbeat
Mon, 04 May 2015 11:01:35 scanner.py[line:61] INFO Heartbeat
Mon, 04 May 2015 11:01:36 scanner.py[line:61] INFO Heartbeat
Mon, 04 May 2015 11:01:38 scanner.py[line:61] INFO Heartbeat
Mon, 04 May 2015 11:01:40 scanner.py[line:61] INFO Heartbeat
Mon, 04 May 2015 11:01:42 scanner.py[line:61] INFO Heartbeat
Mon, 04 May 2015 11:01:44 scanner.py[line:61] INFO Heartbeat
Mon, 04 May 2015 11:01:45 scanner.py[line:61] INFO Heartbeat
Mon, 04 May 2015 11:01:46 scanner.py[line:61] INFO Heartbeat
Mon, 04 May 2015 11:01:49 scanner.py[line:61] INFO Heartbeat
Mon, 04 May 2015 11:01:51 scanner.py[line:61] INFO Heartbeat
Mon, 04 May 2015 11:01:53 scanner.py[line:61] INFO Heartbeat
Mon, 04 May 2015 11:01:54 scanner.py[line:61] INFO Heartbeat
Mon, 04 May 2015 11:01:55 scanner.py[line:61] INFO Heartbeat
Mon, 04 May 2015 11:01:56 scanner.py[line:61] INFO Heartbeat
Mon, 04 May 2015 11:01:57 scanner.py[line:61] INFO Heartbeat
Mon, 04 May 2015 11:01:58 scanner.py[line:61] INFO Heartbeat
Mon, 04 May 2015 11:01:59 scanner.py[line:61] INFO Heartbeat
Mon, 04 May 2015 11:02:01 scanner.py[line:61] INFO Heartbeat
Mon, 04 May 2015 11:02:02 scanner.py[line:61] INFO Heartbeat
Mon, 04 May 2015 11:02:04 scanner.py[line:61] INFO Heartbeat
Mon, 04 May 2015 11:02:06 scanner.py[line:61] INFO Heartbeat
Mon, 04 May 2015 11:02:08 scanner.py[line:61] INFO Heartbeat
Mon, 04 May 2015 11:02:09 scanner.py[line:61] INFO Heartbeat
Mon, 04 May 2015 11:02:11 scanner.py[line:61] INFO Heartbeat
Mon, 04 May 2015 11:02:12 scanner.py[line:61] INFO Heartbeat
Mon, 04 May 2015 11:02:14 scanner.py[line:61] INFO Heartbeat
Mon, 04 May 2015 11:02:16 scanner.py[line:61] INFO Heartbeat
Mon, 04 May 2015 11:02:18 scanner.py[line:61] INFO Heartbeat
Mon, 04 May 2015 11:02:19 scanner.py[line:61] INFO Heartbeat
Mon, 04 May 2015 11:02:21 scanner.py[line:61] INFO Heartbeat
Mon, 04 May 2015 11:02:23 scanner.py[line:61] INFO Heartbeat
Mon, 04 May 2015 11:02:25 scanner.py[line:61] INFO Heartbeat
Mon, 04 May 2015 11:02:26 scanner.py[line:61] INFO Heartbeat
Mon, 04 May 2015 11:02:27 scanner.py[line:61] INFO Heartbeat
Mon, 04 May 2015 11:02:28 scanner.py[line:61] INFO Heartbeat
Mon, 04 May 2015 11:02:30 scanner.py[line:61] INFO Heartbeat
Mon, 04 May 2015 11:02:31 scanner.py[line:61] INFO Heartbeat
Mon, 04 May 2015 11:02:33 scanner.py[line:61] INFO Heartbeat
Mon, 04 May 2015 11:02:34 scanner.py[line:61] INFO Heartbeat
Mon, 04 May 2015 11:02:36 scanner.py[line:61] INFO Heartbeat
Mon, 04 May 2015 11:02:38 scanner.py[line:61] INFO Heartbeat
Mon, 04 May 2015 11:02:39 scanner.py[line:61] INFO Heartbeat
Mon, 04 May 2015 11:02:41 scanner.py[line:61] INFO Heartbeat
Mon, 04 May 2015 11:02:42 scanner.py[line:61] INFO Heartbeat
Mon, 04 May 2015 11:02:44 scanner.py[line:61] INFO Heartbeat
Mon, 04 May 2015 11:02:45 scanner.py[line:61] INFO Heartbeat
Mon, 04 May 2015 11:02:46 scanner.py[line:61] INFO Heartbeat
Mon, 04 May 2015 11:02:47 scanner.py[line:61] INFO Heartbeat
Mon, 04 May 2015 11:02:48 scanner.py[line:61] INFO Heartbeat
Mon, 04 May 2015 11:02:50 scanner.py[line:61] INFO Heartbeat
Mon, 04 May 2015 11:02:51 scanner.py[line:61] INFO Heartbeat
Mon, 04 May 2015 11:02:52 scanner.py[line:61] INFO Heartbeat
Mon, 04 May 2015 11:02:54 scanner.py[line:61] INFO Heartbeat
Mon, 04 May 2015 11:02:57 scanner.py[line:61] INFO Heartbeat
Mon, 04 May 2015 11:02:59 scanner.py[line:61] INFO Heartbeat
Mon, 04 May 2015 11:03:00 scanner.py[line:61] INFO Heartbeat
Mon, 04 May 2015 11:03:02 scanner.py[line:61] INFO Heartbeat
Mon, 04 May 2015 11:03:04 scanner.py[line:61] INFO Heartbeat
Mon, 04 May 2015 11:03:06 scanner.py[line:61] INFO Heartbeat
Mon, 04 May 2015 11:03:07 scanner.py[line:61] INFO Heartbeat
Mon, 04 May 2015 11:03:09 scanner.py[line:61] INFO Heartbeat
Mon, 04 May 2015 11:03:10 scanner.py[line:61] INFO Heartbeat
Mon, 04 May 2015 11:03:12 scanner.py[line:61] INFO Heartbeat
Mon, 04 May 2015 11:03:13 scanner.py[line:61] INFO Heartbeat
Mon, 04 May 2015 11:03:14 scanner.py[line:61] INFO Heartbeat
Mon, 04 May 2015 11:03:16 scanner.py[line:61] INFO Heartbeat
Mon, 04 May 2015 11:03:17 scanner.py[line:61] INFO Heartbeat
Mon, 04 May 2015 11:03:19 scanner.py[line:61] INFO Heartbeat
Mon, 04 May 2015 11:03:20 scanner.py[line:61] INFO Heartbeat
Mon, 04 May 2015 11:03:22 scanner.py[line:61] INFO Heartbeat
Mon, 04 May 2015 11:03:24 scanner.py[line:61] INFO Heartbeat
Mon, 04 May 2015 11:03:26 scanner.py[line:61] INFO Heartbeat
Mon, 04 May 2015 11:03:28 scanner.py[line:61] INFO Heartbeat
Mon, 04 May 2015 11:03:30 scanner.py[line:61] INFO Heartbeat
Mon, 04 May 2015 11:03:31 scanner.py[line:61] INFO Heartbeat
Mon, 04 May 2015 11:03:33 scanner.py[line:61] INFO Heartbeat
Mon, 04 May 2015 11:03:35 scanner.py[line:61] INFO Heartbeat
Mon, 04 May 2015 11:03:37 scanner.py[line:61] INFO Heartbeat
Mon, 04 May 2015 11:03:38 scanner.py[line:61] INFO Heartbeat
Mon, 04 May 2015 11:03:40 scanner.py[line:61] INFO Heartbeat
Mon, 04 May 2015 11:03:42 scanner.py[line:61] INFO Heartbeat
Mon, 04 May 2015 11:03:43 scanner.py[line:61] INFO Heartbeat
Mon, 04 May 2015 11:03:45 scanner.py[line:61] INFO Heartbeat
Mon, 04 May 2015 11:03:47 scanner.py[line:61] INFO Heartbeat
Mon, 04 May 2015 11:03:49 scanner.py[line:61] INFO Heartbeat
Mon, 04 May 2015 11:03:50 scanner.py[line:61] INFO Heartbeat
Mon, 04 May 2015 11:03:51 scanner.py[line:61] INFO Heartbeat
Mon, 04 May 2015 11:03:53 scanner.py[line:61] INFO Heartbeat
Mon, 04 May 2015 11:03:54 scanner.py[line:61] INFO Heartbeat
Mon, 04 May 2015 11:03:55 scanner.py[line:61] INFO Heartbeat
Mon, 04 May 2015 11:03:57 scanner.py[line:61] INFO Heartbeat
Mon, 04 May 2015 11:03:58 scanner.py[line:61] INFO Heartbeat
Mon, 04 May 2015 11:03:59 scanner.py[line:61] INFO Heartbeat
Mon, 04 May 2015 11:04:00 scanner.py[line:61] INFO Heartbeat
Mon, 04 May 2015 11:04:02 scanner.py[line:61] INFO Heartbeat
Mon, 04 May 2015 11:04:04 scanner.py[line:61] INFO Heartbeat
Mon, 04 May 2015 11:04:05 scanner.py[line:61] INFO Heartbeat
Mon, 04 May 2015 11:04:07 scanner.py[line:61] INFO Heartbeat
Mon, 04 May 2015 11:04:08 scanner.py[line:61] INFO Heartbeat
Mon, 04 May 2015 11:04:10 scanner.py[line:61] INFO Heartbeat
Mon, 04 May 2015 11:04:11 scanner.py[line:61] INFO Heartbeat
Mon, 04 May 2015 11:04:13 scanner.py[line:61] INFO Heartbeat
Mon, 04 May 2015 11:04:14 scanner.py[line:61] INFO Heartbeat
Mon, 04 May 2015 11:04:14 scanner.py[line:82] INFO Start job 10
Mon, 04 May 2015 11:04:15 scanner.py[line:61] INFO Heartbeat
Mon, 04 May 2015 11:04:17 scanner.py[line:61] INFO Heartbeat
Mon, 04 May 2015 11:04:17 scanner.py[line:100] INFO Finish job 10
Mon, 04 May 2015 11:04:17 scanner.py[line:152] INFO Send report for job 10
Mon, 04 May 2015 11:04:18 scanner.py[line:61] INFO Heartbeat
Mon, 04 May 2015 11:04:19 scanner.py[line:61] INFO Heartbeat
Mon, 04 May 2015 11:04:21 scanner.py[line:61] INFO Heartbeat
Mon, 04 May 2015 11:04:23 scanner.py[line:61] INFO Heartbeat
Mon, 04 May 2015 11:04:25 scanner.py[line:61] INFO Heartbeat
Mon, 04 May 2015 11:04:27 scanner.py[line:61] INFO Heartbeat
Mon, 04 May 2015 11:04:30 scanner.py[line:61] INFO Heartbeat
Mon, 04 May 2015 11:04:31 scanner.py[line:61] INFO Heartbeat
Mon, 04 May 2015 11:04:32 scanner.py[line:61] INFO Heartbeat
Mon, 04 May 2015 11:04:34 scanner.py[line:61] INFO Heartbeat
Mon, 04 May 2015 11:04:36 scanner.py[line:61] INFO Heartbeat
Mon, 04 May 2015 11:04:38 scanner.py[line:61] INFO Heartbeat
Mon, 04 May 2015 11:04:40 scanner.py[line:61] INFO Heartbeat
Mon, 04 May 2015 11:04:42 scanner.py[line:61] INFO Heartbeat
Mon, 04 May 2015 11:04:43 scanner.py[line:341] INFO Stopping scanner gRPC service
Mon, 04 May 2015 11:04:44 scanner.py[line:343] INFO Scanner exits
