Mon, 04 May 2015 18:47:19 scanner.py[line:319] INFO Scanner starts
Mon, 04 May 2015 18:47:20 scanner.py[line:274] INFO Register success
Mon, 04 May 2015 18:48:12 scanner.py[line:82] INFO Start job 59
Mon, 04 May 2015 18:48:14 utils.py[line:241] WARNING Mac address to reach destination not found. Using broadcast.
Mon, 04 May 2015 18:48:14 utils.py[line:241] WARNING Mac address to reach destination not found. Using broadcast.
Mon, 04 May 2015 18:48:19 utils.py[line:241] WARNING Mac address to reach destination not found. Using broadcast.
Mon, 04 May 2015 18:48:19 utils.py[line:241] WARNING Mac address to reach destination not found. Using broadcast.
Mon, 04 May 2015 18:48:19 utils.py[line:241] WARNING Mac address to reach destination not found. Using broadcast.
Mon, 04 May 2015 18:48:23 utils.py[line:241] WARNING Mac address to reach destination not found. Using broadcast.
Mon, 04 May 2015 18:48:23 utils.py[line:241] WARNING Mac address to reach destination not found. Using broadcast.
Mon, 04 May 2015 18:48:27 utils.py[line:241] WARNING Mac address to reach destination not found. Using broadcast.
Mon, 04 May 2015 18:48:27 utils.py[line:241] WARNING Mac address to reach destination not found. Using broadcast.
Mon, 04 May 2015 18:48:27 utils.py[line:241] WARNING Mac address to reach destination not found. Using broadcast.
Mon, 04 May 2015 18:48:31 utils.py[line:241] WARNING Mac address to reach destination not found. Using broadcast.
Mon, 04 May 2015 18:48:31 utils.py[line:241] WARNING Mac address to reach destination not found. Using broadcast.
Mon, 04 May 2015 18:48:31 utils.py[line:241] WARNING Mac address to reach destination not found. Using broadcast.
Mon, 04 May 2015 18:48:35 utils.py[line:241] WARNING Mac address to reach destination not found. Using broadcast.
Mon, 04 May 2015 18:48:35 utils.py[line:241] WARNING Mac address to reach destination not found. Using broadcast.
Mon, 04 May 2015 18:48:35 utils.py[line:241] WARNING Mac address to reach destination not found. Using broadcast.
Mon, 04 May 2015 18:48:39 utils.py[line:241] WARNING Mac address to reach destination not found. Using broadcast.
Mon, 04 May 2015 18:48:39 utils.py[line:241] WARNING Mac address to reach destination not found. Using broadcast.
Mon, 04 May 2015 18:48:39 utils.py[line:241] WARNING Mac address to reach destination not found. Using broadcast.
Mon, 04 May 2015 18:48:43 utils.py[line:241] WARNING Mac address to reach destination not found. Using broadcast.
Mon, 04 May 2015 18:48:43 utils.py[line:241] WARNING Mac address to reach destination not found. Using broadcast.
Mon, 04 May 2015 18:48:43 utils.py[line:241] WARNING Mac address to reach destination not found. Using broadcast.
Mon, 04 May 2015 18:48:47 utils.py[line:241] WARNING Mac address to reach destination not found. Using broadcast.
Mon, 04 May 2015 18:48:47 utils.py[line:241] WARNING Mac address to reach destination not found. Using broadcast.
Mon, 04 May 2015 18:48:47 utils.py[line:241] WARNING Mac address to reach destination not found. Using broadcast.
Mon, 04 May 2015 18:48:51 utils.py[line:241] WARNING Mac address to reach destination not found. Using broadcast.
Mon, 04 May 2015 18:48:51 utils.py[line:241] WARNING Mac address to reach destination not found. Using broadcast.
Mon, 04 May 2015 18:48:51 utils.py[line:241] WARNING Mac address to reach destination not found. Using broadcast.
Mon, 04 May 2015 18:48:55 utils.py[line:241] WARNING Mac address to reach destination not found. Using broadcast.
Mon, 04 May 2015 18:48:55 utils.py[line:241] WARNING Mac address to reach destination not found. Using broadcast.
Mon, 04 May 2015 18:48:55 utils.py[line:241] WARNING Mac address to reach destination not found. Using broadcast.
Mon, 04 May 2015 18:48:59 utils.py[line:241] WARNING Mac address to reach destination not found. Using broadcast.
Mon, 04 May 2015 18:48:59 utils.py[line:241] WARNING Mac address to reach destination not found. Using broadcast.
Mon, 04 May 2015 18:48:59 utils.py[line:241] WARNING Mac address to reach destination not found. Using broadcast.
Mon, 04 May 2015 18:49:04 utils.py[line:241] WARNING Mac address to reach destination not found. Using broadcast.
Mon, 04 May 2015 18:49:04 utils.py[line:241] WARNING Mac address to reach destination not found. Using broadcast.
Mon, 04 May 2015 18:49:04 utils.py[line:241] WARNING Mac address to reach destination not found. Using broadcast.
Mon, 04 May 2015 18:49:08 utils.py[line:241] WARNING Mac address to reach destination not found. Using broadcast.
Mon, 04 May 2015 18:49:08 utils.py[line:241] WARNING Mac address to reach destination not found. Using broadcast.
Mon, 04 May 2015 18:49:08 utils.py[line:241] WARNING Mac address to reach destination not found. Using broadcast.
Mon, 04 May 2015 18:49:12 utils.py[line:241] WARNING Mac address to reach destination not found. Using broadcast.
Mon, 04 May 2015 18:49:12 utils.py[line:241] WARNING Mac address to reach destination not found. Using broadcast.
Mon, 04 May 2015 18:49:12 utils.py[line:241] WARNING Mac address to reach destination not found. Using broadcast.
Mon, 04 May 2015 18:49:16 utils.py[line:241] WARNING Mac address to reach destination not found. Using broadcast.
Mon, 04 May 2015 18:49:16 utils.py[line:241] WARNING Mac address to reach destination not found. Using broadcast.
Mon, 04 May 2015 18:49:16 utils.py[line:241] WARNING Mac address to reach destination not found. Using broadcast.
Mon, 04 May 2015 18:49:20 utils.py[line:241] WARNING Mac address to reach destination not found. Using broadcast.
Mon, 04 May 2015 18:49:20 utils.py[line:241] WARNING Mac address to reach destination not found. Using broadcast.
Mon, 04 May 2015 18:49:20 utils.py[line:241] WARNING Mac address to reach destination not found. Using broadcast.
Mon, 04 May 2015 18:49:24 utils.py[line:241] WARNING Mac address to reach destination not found. Using broadcast.
Mon, 04 May 2015 18:49:24 utils.py[line:241] WARNING Mac address to reach destination not found. Using broadcast.
Mon, 04 May 2015 18:49:24 utils.py[line:241] WARNING Mac address to reach destination not found. Using broadcast.
Mon, 04 May 2015 18:49:29 utils.py[line:241] WARNING Mac address to reach destination not found. Using broadcast.
Mon, 04 May 2015 18:49:29 utils.py[line:241] WARNING Mac address to reach destination not found. Using broadcast.
Mon, 04 May 2015 18:49:29 utils.py[line:241] WARNING Mac address to reach destination not found. Using broadcast.
Mon, 04 May 2015 18:49:33 utils.py[line:241] WARNING Mac address to reach destination not found. Using broadcast.
Mon, 04 May 2015 18:49:33 utils.py[line:241] WARNING Mac address to reach destination not found. Using broadcast.
Mon, 04 May 2015 18:49:33 utils.py[line:241] WARNING Mac address to reach destination not found. Using broadcast.
Mon, 04 May 2015 18:49:37 utils.py[line:241] WARNING Mac address to reach destination not found. Using broadcast.
Mon, 04 May 2015 18:49:37 utils.py[line:241] WARNING Mac address to reach destination not found. Using broadcast.
Mon, 04 May 2015 18:49:37 utils.py[line:241] WARNING Mac address to reach destination not found. Using broadcast.
Mon, 04 May 2015 18:49:41 utils.py[line:241] WARNING Mac address to reach destination not found. Using broadcast.
Mon, 04 May 2015 18:49:41 utils.py[line:241] WARNING Mac address to reach destination not found. Using broadcast.
Mon, 04 May 2015 18:49:41 utils.py[line:241] WARNING Mac address to reach destination not found. Using broadcast.
Mon, 04 May 2015 18:49:45 utils.py[line:241] WARNING Mac address to reach destination not found. Using broadcast.
Mon, 04 May 2015 18:49:45 utils.py[line:241] WARNING Mac address to reach destination not found. Using broadcast.
Mon, 04 May 2015 18:49:45 utils.py[line:241] WARNING Mac address to reach destination not found. Using broadcast.
Mon, 04 May 2015 18:49:49 utils.py[line:241] WARNING Mac address to reach destination not found. Using broadcast.
Mon, 04 May 2015 18:49:49 utils.py[line:241] WARNING Mac address to reach destination not found. Using broadcast.
Mon, 04 May 2015 18:49:49 utils.py[line:241] WARNING Mac address to reach destination not found. Using broadcast.
Mon, 04 May 2015 18:49:53 utils.py[line:241] WARNING Mac address to reach destination not found. Using broadcast.
Mon, 04 May 2015 18:49:53 utils.py[line:241] WARNING Mac address to reach destination not found. Using broadcast.
Mon, 04 May 2015 18:49:53 utils.py[line:241] WARNING Mac address to reach destination not found. Using broadcast.
Mon, 04 May 2015 18:49:57 utils.py[line:241] WARNING Mac address to reach destination not found. Using broadcast.
Mon, 04 May 2015 18:49:57 utils.py[line:241] WARNING Mac address to reach destination not found. Using broadcast.
Mon, 04 May 2015 18:49:57 utils.py[line:241] WARNING Mac address to reach destination not found. Using broadcast.
Mon, 04 May 2015 18:50:01 utils.py[line:241] WARNING Mac address to reach destination not found. Using broadcast.
Mon, 04 May 2015 18:50:01 utils.py[line:241] WARNING Mac address to reach destination not found. Using broadcast.
Mon, 04 May 2015 18:50:01 utils.py[line:241] WARNING Mac address to reach destination not found. Using broadcast.
Mon, 04 May 2015 18:50:05 utils.py[line:241] WARNING Mac address to reach destination not found. Using broadcast.
Mon, 04 May 2015 18:50:05 utils.py[line:241] WARNING Mac address to reach destination not found. Using broadcast.
Mon, 04 May 2015 18:50:05 utils.py[line:241] WARNING Mac address to reach destination not found. Using broadcast.
Mon, 04 May 2015 18:50:10 utils.py[line:241] WARNING Mac address to reach destination not found. Using broadcast.
Mon, 04 May 2015 18:50:10 utils.py[line:241] WARNING Mac address to reach destination not found. Using broadcast.
Mon, 04 May 2015 18:50:10 utils.py[line:241] WARNING Mac address to reach destination not found. Using broadcast.
Mon, 04 May 2015 18:50:14 utils.py[line:241] WARNING Mac address to reach destination not found. Using broadcast.
Mon, 04 May 2015 18:50:14 utils.py[line:241] WARNING Mac address to reach destination not found. Using broadcast.
Mon, 04 May 2015 18:50:14 utils.py[line:241] WARNING Mac address to reach destination not found. Using broadcast.
Mon, 04 May 2015 18:50:18 utils.py[line:241] WARNING Mac address to reach destination not found. Using broadcast.
Mon, 04 May 2015 18:50:18 utils.py[line:241] WARNING Mac address to reach destination not found. Using broadcast.
Mon, 04 May 2015 18:50:18 utils.py[line:241] WARNING Mac address to reach destination not found. Using broadcast.
Mon, 04 May 2015 18:50:22 utils.py[line:241] WARNING Mac address to reach destination not found. Using broadcast.
Mon, 04 May 2015 18:50:22 utils.py[line:241] WARNING Mac address to reach destination not found. Using broadcast.
Mon, 04 May 2015 18:50:22 utils.py[line:241] WARNING Mac address to reach destination not found. Using broadcast.
Mon, 04 May 2015 18:50:26 utils.py[line:241] WARNING Mac address to reach destination not found. Using broadcast.
Mon, 04 May 2015 18:50:26 utils.py[line:241] WARNING Mac address to reach destination not found. Using broadcast.
Mon, 04 May 2015 18:50:26 utils.py[line:241] WARNING Mac address to reach destination not found. Using broadcast.
Mon, 04 May 2015 18:50:30 utils.py[line:241] WARNING Mac address to reach destination not found. Using broadcast.
Mon, 04 May 2015 18:50:30 utils.py[line:241] WARNING Mac address to reach destination not found. Using broadcast.
Mon, 04 May 2015 18:50:30 utils.py[line:241] WARNING Mac address to reach destination not found. Using broadcast.
Mon, 04 May 2015 18:50:34 utils.py[line:241] WARNING Mac address to reach destination not found. Using broadcast.
Mon, 04 May 2015 18:50:34 utils.py[line:241] WARNING Mac address to reach destination not found. Using broadcast.
Mon, 04 May 2015 18:50:38 utils.py[line:241] WARNING Mac address to reach destination not found. Using broadcast.
Mon, 04 May 2015 18:50:38 utils.py[line:241] WARNING Mac address to reach destination not found. Using broadcast.
Mon, 04 May 2015 18:50:43 utils.py[line:241] WARNING Mac address to reach destination not found. Using broadcast.
Mon, 04 May 2015 18:50:43 utils.py[line:241] WARNING Mac address to reach destination not found. Using broadcast.
Mon, 04 May 2015 18:50:43 utils.py[line:241] WARNING Mac address to reach destination not found. Using broadcast.
Mon, 04 May 2015 18:50:47 utils.py[line:241] WARNING Mac address to reach destination not found. Using broadcast.
Mon, 04 May 2015 18:50:47 utils.py[line:241] WARNING Mac address to reach destination not found. Using broadcast.
Mon, 04 May 2015 18:50:47 utils.py[line:241] WARNING Mac address to reach destination not found. Using broadcast.
Mon, 04 May 2015 18:50:51 utils.py[line:241] WARNING Mac address to reach destination not found. Using broadcast.
Mon, 04 May 2015 18:50:51 utils.py[line:241] WARNING Mac address to reach destination not found. Using broadcast.
Mon, 04 May 2015 18:50:51 utils.py[line:241] WARNING Mac address to reach destination not found. Using broadcast.
Mon, 04 May 2015 18:50:55 utils.py[line:241] WARNING Mac address to reach destination not found. Using broadcast.
Mon, 04 May 2015 18:50:55 utils.py[line:241] WARNING Mac address to reach destination not found. Using broadcast.
Mon, 04 May 2015 18:50:55 utils.py[line:241] WARNING Mac address to reach destination not found. Using broadcast.
Mon, 04 May 2015 18:50:59 utils.py[line:241] WARNING Mac address to reach destination not found. Using broadcast.
Mon, 04 May 2015 18:50:59 utils.py[line:241] WARNING Mac address to reach destination not found. Using broadcast.
Mon, 04 May 2015 18:50:59 utils.py[line:241] WARNING Mac address to reach destination not found. Using broadcast.
Mon, 04 May 2015 18:51:03 utils.py[line:241] WARNING Mac address to reach destination not found. Using broadcast.
Mon, 04 May 2015 18:51:03 utils.py[line:241] WARNING Mac address to reach destination not found. Using broadcast.
Mon, 04 May 2015 18:51:03 utils.py[line:241] WARNING Mac address to reach destination not found. Using broadcast.
Mon, 04 May 2015 18:51:07 utils.py[line:241] WARNING Mac address to reach destination not found. Using broadcast.
Mon, 04 May 2015 18:51:07 utils.py[line:241] WARNING Mac address to reach destination not found. Using broadcast.
Mon, 04 May 2015 18:51:07 utils.py[line:241] WARNING Mac address to reach destination not found. Using broadcast.
Mon, 04 May 2015 18:51:11 utils.py[line:241] WARNING Mac address to reach destination not found. Using broadcast.
Mon, 04 May 2015 18:51:11 utils.py[line:241] WARNING Mac address to reach destination not found. Using broadcast.
Mon, 04 May 2015 18:51:11 utils.py[line:241] WARNING Mac address to reach destination not found. Using broadcast.
Mon, 04 May 2015 18:51:15 utils.py[line:241] WARNING Mac address to reach destination not found. Using broadcast.
Mon, 04 May 2015 18:51:15 utils.py[line:241] WARNING Mac address to reach destination not found. Using broadcast.
Mon, 04 May 2015 18:51:15 utils.py[line:241] WARNING Mac address to reach destination not found. Using broadcast.
Mon, 04 May 2015 18:51:19 utils.py[line:241] WARNING Mac address to reach destination not found. Using broadcast.
Mon, 04 May 2015 18:51:19 utils.py[line:241] WARNING Mac address to reach destination not found. Using broadcast.
Mon, 04 May 2015 18:51:19 utils.py[line:241] WARNING Mac address to reach destination not found. Using broadcast.
Mon, 04 May 2015 18:51:24 utils.py[line:241] WARNING Mac address to reach destination not found. Using broadcast.
Mon, 04 May 2015 18:51:24 utils.py[line:241] WARNING Mac address to reach destination not found. Using broadcast.
Mon, 04 May 2015 18:51:24 utils.py[line:241] WARNING Mac address to reach destination not found. Using broadcast.
Mon, 04 May 2015 18:51:28 utils.py[line:241] WARNING Mac address to reach destination not found. Using broadcast.
Mon, 04 May 2015 18:51:28 utils.py[line:241] WARNING Mac address to reach destination not found. Using broadcast.
Mon, 04 May 2015 18:51:28 utils.py[line:241] WARNING Mac address to reach destination not found. Using broadcast.
Mon, 04 May 2015 18:51:32 utils.py[line:241] WARNING Mac address to reach destination not found. Using broadcast.
Mon, 04 May 2015 18:51:32 utils.py[line:241] WARNING Mac address to reach destination not found. Using broadcast.
Mon, 04 May 2015 18:51:32 utils.py[line:241] WARNING Mac address to reach destination not found. Using broadcast.
Mon, 04 May 2015 18:51:36 utils.py[line:241] WARNING Mac address to reach destination not found. Using broadcast.
Mon, 04 May 2015 18:51:36 utils.py[line:241] WARNING Mac address to reach destination not found. Using broadcast.
Mon, 04 May 2015 18:51:36 utils.py[line:241] WARNING Mac address to reach destination not found. Using broadcast.
Mon, 04 May 2015 18:51:38 scanner.py[line:100] INFO Finish job 59
Mon, 04 May 2015 18:51:38 scanner.py[line:152] INFO Send report for job 59
Mon, 04 May 2015 18:52:12 scanner.py[line:82] INFO Start job 64
Mon, 04 May 2015 18:52:14 utils.py[line:241] WARNING Mac address to reach destination not found. Using broadcast.
Mon, 04 May 2015 18:52:14 utils.py[line:241] WARNING Mac address to reach destination not found. Using broadcast.
Mon, 04 May 2015 18:52:14 utils.py[line:241] WARNING Mac address to reach destination not found. Using broadcast.
Mon, 04 May 2015 18:52:18 utils.py[line:241] WARNING Mac address to reach destination not found. Using broadcast.
Mon, 04 May 2015 18:52:18 utils.py[line:241] WARNING Mac address to reach destination not found. Using broadcast.
Mon, 04 May 2015 18:52:20 scanner.py[line:100] INFO Finish job 64
Mon, 04 May 2015 18:52:20 scanner.py[line:152] INFO Send report for job 64
Mon, 04 May 2015 18:55:44 scanner.py[line:82] INFO Start job 68
Mon, 04 May 2015 18:55:46 utils.py[line:241] WARNING Mac address to reach destination not found. Using broadcast.
Mon, 04 May 2015 18:55:46 utils.py[line:241] WARNING Mac address to reach destination not found. Using broadcast.
Mon, 04 May 2015 18:55:46 utils.py[line:241] WARNING Mac address to reach destination not found. Using broadcast.
Mon, 04 May 2015 18:55:50 utils.py[line:241] WARNING Mac address to reach destination not found. Using broadcast.
Mon, 04 May 2015 18:55:50 utils.py[line:241] WARNING Mac address to reach destination not found. Using broadcast.
Mon, 04 May 2015 18:55:50 utils.py[line:241] WARNING Mac address to reach destination not found. Using broadcast.
Mon, 04 May 2015 18:55:54 utils.py[line:241] WARNING Mac address to reach destination not found. Using broadcast.
Mon, 04 May 2015 18:55:54 utils.py[line:241] WARNING Mac address to reach destination not found. Using broadcast.
Mon, 04 May 2015 18:55:56 scanner.py[line:100] INFO Finish job 68
Mon, 04 May 2015 18:55:56 scanner.py[line:152] INFO Send report for job 68
Tue, 05 May 2015 21:08:31 scanner.py[line:342] INFO Stopping scanner gRPC service
Tue, 05 May 2015 21:08:31 scanner.py[line:344] INFO Scanner exits
