Mon, 04 May 2015 11:01:51 scanner.py[line:318] INFO Scanner starts
Mon, 04 May 2015 11:01:51 scanner.py[line:274] INFO Register success
Mon, 04 May 2015 11:01:51 scanner.py[line:61] INFO Heartbeat
Mon, 04 May 2015 11:01:53 scanner.py[line:61] INFO Heartbeat
Mon, 04 May 2015 11:01:55 scanner.py[line:61] INFO Heartbeat
Mon, 04 May 2015 11:01:56 scanner.py[line:61] INFO Heartbeat
Mon, 04 May 2015 11:01:58 scanner.py[line:61] INFO Heartbeat
Mon, 04 May 2015 11:01:59 scanner.py[line:61] INFO Heartbeat
Mon, 04 May 2015 11:02:01 scanner.py[line:61] INFO Heartbeat
Mon, 04 May 2015 11:02:02 scanner.py[line:61] INFO Heartbeat
Mon, 04 May 2015 11:02:03 scanner.py[line:61] INFO Heartbeat
Mon, 04 May 2015 11:02:04 scanner.py[line:61] INFO Heartbeat
Mon, 04 May 2015 11:02:06 scanner.py[line:61] INFO Heartbeat
Mon, 04 May 2015 11:02:08 scanner.py[line:61] INFO Heartbeat
Mon, 04 May 2015 11:02:09 scanner.py[line:61] INFO Heartbeat
Mon, 04 May 2015 11:02:11 scanner.py[line:61] INFO Heartbeat
Mon, 04 May 2015 11:02:13 scanner.py[line:61] INFO Heartbeat
Mon, 04 May 2015 11:02:14 scanner.py[line:61] INFO Heartbeat
Mon, 04 May 2015 11:02:15 scanner.py[line:61] INFO Heartbeat
Mon, 04 May 2015 11:02:17 scanner.py[line:61] INFO Heartbeat
Mon, 04 May 2015 11:02:18 scanner.py[line:61] INFO Heartbeat
Mon, 04 May 2015 11:02:20 scanner.py[line:61] INFO Heartbeat
Mon, 04 May 2015 11:02:22 scanner.py[line:61] INFO Heartbeat
Mon, 04 May 2015 11:02:23 scanner.py[line:61] INFO Heartbeat
Mon, 04 May 2015 11:02:25 scanner.py[line:61] INFO Heartbeat
Mon, 04 May 2015 11:02:26 scanner.py[line:61] INFO Heartbeat
Mon, 04 May 2015 11:02:28 scanner.py[line:61] INFO Heartbeat
Mon, 04 May 2015 11:02:30 scanner.py[line:61] INFO Heartbeat
Mon, 04 May 2015 11:02:32 scanner.py[line:61] INFO Heartbeat
Mon, 04 May 2015 11:02:33 scanner.py[line:61] INFO Heartbeat
Mon, 04 May 2015 11:02:34 scanner.py[line:61] INFO Heartbeat
Mon, 04 May 2015 11:02:35 scanner.py[line:61] INFO Heartbeat
Mon, 04 May 2015 11:02:37 scanner.py[line:61] INFO Heartbeat
Mon, 04 May 2015 11:02:39 scanner.py[line:61] INFO Heartbeat
Mon, 04 May 2015 11:02:40 scanner.py[line:61] INFO Heartbeat
Mon, 04 May 2015 11:02:41 scanner.py[line:61] INFO Heartbeat
Mon, 04 May 2015 11:02:42 scanner.py[line:61] INFO Heartbeat
Mon, 04 May 2015 11:02:43 scanner.py[line:61] INFO Heartbeat
Mon, 04 May 2015 11:02:45 scanner.py[line:61] INFO Heartbeat
Mon, 04 May 2015 11:02:46 scanner.py[line:61] INFO Heartbeat
Mon, 04 May 2015 11:02:48 scanner.py[line:61] INFO Heartbeat
Mon, 04 May 2015 11:02:50 scanner.py[line:61] INFO Heartbeat
Mon, 04 May 2015 11:02:51 scanner.py[line:61] INFO Heartbeat
Mon, 04 May 2015 11:02:52 scanner.py[line:61] INFO Heartbeat
Mon, 04 May 2015 11:02:53 scanner.py[line:61] INFO Heartbeat
Mon, 04 May 2015 11:02:54 scanner.py[line:61] INFO Heartbeat
Mon, 04 May 2015 11:02:56 scanner.py[line:61] INFO Heartbeat
Mon, 04 May 2015 11:02:58 scanner.py[line:61] INFO Heartbeat
Mon, 04 May 2015 11:03:00 scanner.py[line:61] INFO Heartbeat
Mon, 04 May 2015 11:03:02 scanner.py[line:61] INFO Heartbeat
Mon, 04 May 2015 11:03:03 scanner.py[line:61] INFO Heartbeat
Mon, 04 May 2015 11:03:04 scanner.py[line:61] INFO Heartbeat
Mon, 04 May 2015 11:03:05 scanner.py[line:61] INFO Heartbeat
Mon, 04 May 2015 11:03:06 scanner.py[line:61] INFO Heartbeat
Mon, 04 May 2015 11:03:08 scanner.py[line:61] INFO Heartbeat
Mon, 04 May 2015 11:03:10 scanner.py[line:61] INFO Heartbeat
Mon, 04 May 2015 11:03:12 scanner.py[line:61] INFO Heartbeat
Mon, 04 May 2015 11:03:13 scanner.py[line:61] INFO Heartbeat
Mon, 04 May 2015 11:03:15 scanner.py[line:61] INFO Heartbeat
Mon, 04 May 2015 11:03:16 scanner.py[line:61] INFO Heartbeat
Mon, 04 May 2015 11:03:18 scanner.py[line:61] INFO Heartbeat
Mon, 04 May 2015 11:03:20 scanner.py[line:61] INFO Heartbeat
Mon, 04 May 2015 11:03:22 scanner.py[line:61] INFO Heartbeat
Mon, 04 May 2015 11:03:23 scanner.py[line:61] INFO Heartbeat
Mon, 04 May 2015 11:03:25 scanner.py[line:61] INFO Heartbeat
Mon, 04 May 2015 11:03:26 scanner.py[line:61] INFO Heartbeat
Mon, 04 May 2015 11:03:28 scanner.py[line:61] INFO Heartbeat
Mon, 04 May 2015 11:03:29 scanner.py[line:61] INFO Heartbeat
Mon, 04 May 2015 11:03:31 scanner.py[line:61] INFO Heartbeat
Mon, 04 May 2015 11:03:32 scanner.py[line:61] INFO Heartbeat
Mon, 04 May 2015 11:03:33 scanner.py[line:61] INFO Heartbeat
Mon, 04 May 2015 11:03:34 scanner.py[line:61] INFO Heartbeat
Mon, 04 May 2015 11:03:36 scanner.py[line:61] INFO Heartbeat
Mon, 04 May 2015 11:03:38 scanner.py[line:61] INFO Heartbeat
Mon, 04 May 2015 11:03:39 scanner.py[line:61] INFO Heartbeat
Mon, 04 May 2015 11:03:40 scanner.py[line:61] INFO Heartbeat
Mon, 04 May 2015 11:03:42 scanner.py[line:61] INFO Heartbeat
Mon, 04 May 2015 11:03:43 scanner.py[line:61] INFO Heartbeat
Mon, 04 May 2015 11:03:45 scanner.py[line:61] INFO Heartbeat
Mon, 04 May 2015 11:03:46 scanner.py[line:61] INFO Heartbeat
Mon, 04 May 2015 11:03:48 scanner.py[line:61] INFO Heartbeat
Mon, 04 May 2015 11:03:50 scanner.py[line:61] INFO Heartbeat
Mon, 04 May 2015 11:03:52 scanner.py[line:61] INFO Heartbeat
Mon, 04 May 2015 11:03:54 scanner.py[line:61] INFO Heartbeat
Mon, 04 May 2015 11:03:56 scanner.py[line:61] INFO Heartbeat
Mon, 04 May 2015 11:03:58 scanner.py[line:61] INFO Heartbeat
Mon, 04 May 2015 11:04:00 scanner.py[line:61] INFO Heartbeat
Mon, 04 May 2015 11:04:01 scanner.py[line:61] INFO Heartbeat
Mon, 04 May 2015 11:04:03 scanner.py[line:61] INFO Heartbeat
Mon, 04 May 2015 11:04:04 scanner.py[line:61] INFO Heartbeat
Mon, 04 May 2015 11:04:06 scanner.py[line:61] INFO Heartbeat
Mon, 04 May 2015 11:04:08 scanner.py[line:61] INFO Heartbeat
Mon, 04 May 2015 11:04:09 scanner.py[line:61] INFO Heartbeat
Mon, 04 May 2015 11:04:10 scanner.py[line:61] INFO Heartbeat
Mon, 04 May 2015 11:04:12 scanner.py[line:61] INFO Heartbeat
Mon, 04 May 2015 11:04:14 scanner.py[line:61] INFO Heartbeat
Mon, 04 May 2015 11:04:16 scanner.py[line:61] INFO Heartbeat
Mon, 04 May 2015 11:04:18 scanner.py[line:61] INFO Heartbeat
Mon, 04 May 2015 11:04:19 scanner.py[line:61] INFO Heartbeat
Mon, 04 May 2015 11:04:21 scanner.py[line:61] INFO Heartbeat
Mon, 04 May 2015 11:04:22 scanner.py[line:61] INFO Heartbeat
Mon, 04 May 2015 11:04:24 scanner.py[line:61] INFO Heartbeat
Mon, 04 May 2015 11:04:26 scanner.py[line:61] INFO Heartbeat
Mon, 04 May 2015 11:04:27 scanner.py[line:61] INFO Heartbeat
Mon, 04 May 2015 11:04:28 scanner.py[line:61] INFO Heartbeat
Mon, 04 May 2015 11:04:30 scanner.py[line:61] INFO Heartbeat
Mon, 04 May 2015 11:04:31 scanner.py[line:61] INFO Heartbeat
Mon, 04 May 2015 11:04:33 scanner.py[line:61] INFO Heartbeat
Mon, 04 May 2015 11:04:35 scanner.py[line:61] INFO Heartbeat
Mon, 04 May 2015 11:04:37 scanner.py[line:61] INFO Heartbeat
Mon, 04 May 2015 11:04:39 scanner.py[line:341] INFO Stopping scanner gRPC service
Mon, 04 May 2015 11:04:39 scanner.py[line:343] INFO Scanner exits
