Mon, 04 May 2015 18:33:58 scanner.py[line:319] INFO Scanner starts
Mon, 04 May 2015 18:33:58 scanner.py[line:274] INFO Register success
Mon, 04 May 2015 18:34:31 scanner.py[line:82] INFO Start job 43
Mon, 04 May 2015 18:34:31 scanner.py[line:100] INFO Finish job 43
Mon, 04 May 2015 18:34:31 scanner.py[line:152] INFO Send report for job 43
Mon, 04 May 2015 18:35:22 scanner.py[line:82] INFO Start job 46
Mon, 04 May 2015 18:35:25 scanner.py[line:100] INFO Finish job 46
Mon, 04 May 2015 18:35:25 scanner.py[line:152] INFO Send report for job 46
Mon, 04 May 2015 18:35:58 scanner.py[line:82] INFO Start job 49
Mon, 04 May 2015 18:35:59 scanner.py[line:100] INFO Finish job 49
Mon, 04 May 2015 18:35:59 scanner.py[line:152] INFO Send report for job 49
Mon, 04 May 2015 18:37:00 scanner.py[line:82] INFO Start job 52
Mon, 04 May 2015 18:37:03 scanner.py[line:100] INFO Finish job 52
Mon, 04 May 2015 18:37:03 scanner.py[line:152] INFO Send report for job 52
Mon, 04 May 2015 18:38:10 scanner.py[line:82] INFO Start job 55
Mon, 04 May 2015 18:38:46 scanner.py[line:100] INFO Finish job 55
Mon, 04 May 2015 18:38:46 scanner.py[line:152] INFO Send report for job 55
Mon, 04 May 2015 18:39:58 scanner.py[line:82] INFO Start job 58
Mon, 04 May 2015 18:39:58 scanner.py[line:100] INFO Finish job 58
Mon, 04 May 2015 18:39:58 scanner.py[line:152] INFO Send report for job 58
