Mon, 04 May 2015 16:35:08 scanner.py[line:319] INFO Scanner starts
Mon, 04 May 2015 16:35:08 scanner.py[line:274] INFO Register success
Mon, 04 May 2015 16:36:59 scanner.py[line:82] INFO Start job 20
Mon, 04 May 2015 16:37:05 scanner.py[line:100] INFO Finish job 20
Mon, 04 May 2015 16:37:05 scanner.py[line:152] INFO Send report for job 20
Mon, 04 May 2015 16:38:47 scanner.py[line:82] INFO Start job 23
Mon, 04 May 2015 16:38:47 scanner.py[line:100] INFO Finish job 23
Mon, 04 May 2015 16:38:47 scanner.py[line:152] INFO Send report for job 23
Mon, 04 May 2015 16:39:43 scanner.py[line:82] INFO Start job 26
Mon, 04 May 2015 16:39:43 scanner.py[line:100] INFO Finish job 26
Mon, 04 May 2015 16:39:43 scanner.py[line:152] INFO Send report for job 26
Mon, 04 May 2015 16:40:37 scanner.py[line:82] INFO Start job 29
Mon, 04 May 2015 16:40:40 scanner.py[line:100] INFO Finish job 29
Mon, 04 May 2015 16:40:40 scanner.py[line:152] INFO Send report for job 29
Mon, 04 May 2015 16:44:05 scanner.py[line:82] INFO Start job 32
Mon, 04 May 2015 16:44:09 scanner.py[line:100] INFO Finish job 32
Mon, 04 May 2015 16:44:09 scanner.py[line:152] INFO Send report for job 32
Mon, 04 May 2015 16:44:41 scanner.py[line:82] INFO Start job 35
Mon, 04 May 2015 16:44:50 scanner.py[line:100] INFO Finish job 35
Mon, 04 May 2015 16:44:50 scanner.py[line:152] INFO Send report for job 35
Mon, 04 May 2015 16:47:00 scanner.py[line:82] INFO Start job 38
